0 verbose cli /usr/local/bin/node /usr/local/bin/npm
1 info using npm@8.7.0
2 info using node@v17.9.0
3 timing npm:load:whichnode Completed in 0ms
4 timing config:load:defaults Completed in 2ms
5 timing config:load:file:/usr/local/lib/node_modules/npm/npmrc Completed in 1ms
6 timing config:load:builtin Completed in 1ms
7 timing config:load:cli Completed in 3ms
8 timing config:load:env Completed in 1ms
9 timing config:load:project Completed in 2ms
10 timing config:load:file:/home/container/.npmrc Completed in 0ms
11 timing config:load:user Completed in 0ms
12 timing config:load:file:/usr/local/etc/npmrc Completed in 0ms
13 timing config:load:global Completed in 1ms
14 timing config:load:validate Completed in 0ms
15 timing config:load:credentials Completed in 2ms
16 timing config:load:setEnvs Completed in 22ms
17 timing config:load Completed in 35ms
18 timing npm:load:configload Completed in 36ms
19 timing npm:load:mkdirpcache Completed in 2ms
20 timing npm:load:mkdirplogs Completed in 1ms
21 verbose title npm install discord.js colors captcha-canvas hastebin-gen mongoose path node-cron ms string-similarity
22 verbose argv "install" "discord.js" "colors" "captcha-canvas" "hastebin-gen" "mongoose" "path" "node-cron" "ms" "string-similarity"
23 timing npm:load:setTitle Completed in 3ms
24 timing config:load:flatten Completed in 7ms
25 timing npm:load:display Completed in 10ms
26 verbose logfile logs-max:10 dir:/home/container/.npm/_logs
27 verbose logfile /home/container/.npm/_logs/2022-04-22T22_13_24_370Z-debug-0.log
28 timing npm:load:logFile Completed in 10ms
29 timing npm:load:timers Completed in 0ms
30 timing npm:load:configScope Completed in 0ms
31 timing npm:load Completed in 62ms
32 timing arborist:ctor Completed in 34ms
33 silly logfile start cleaning logs, removing 1 files
34 silly logfile done cleaning log files
35 timing idealTree:init Completed in 488ms
36 timing idealTree:userRequests Completed in 8ms
37 silly idealTree buildDeps
38 silly fetch manifest captcha-canvas@^3.1.0
39 timing arborist:ctor Completed in 0ms
40 http fetch GET 200 https://registry.npmjs.org/captcha-canvas 1259ms (cache revalidated)
41 silly fetch manifest colors@^1.4.0
42 http fetch GET 200 https://registry.npmjs.org/colors 671ms (cache revalidated)
43 silly fetch manifest discord.js@^13.6.0
44 http fetch GET 200 https://registry.npmjs.org/discord.js 64ms (cache revalidated)
45 silly fetch manifest hastebin-gen@^2.0.5
46 http fetch GET 200 https://registry.npmjs.org/hastebin-gen 226ms (cache revalidated)
47 silly fetch manifest mongoose@^6.2.7
48 http fetch GET 200 https://registry.npmjs.org/mongoose 663ms (cache revalidated)
49 silly fetch manifest ms@^2.1.3
50 http fetch GET 200 https://registry.npmjs.org/ms 59ms (cache revalidated)
51 silly fetch manifest node-cron@^3.0.0
52 http fetch GET 200 https://registry.npmjs.org/node-cron 49ms (cache revalidated)
53 silly fetch manifest path@^0.12.7
54 http fetch GET 200 https://registry.npmjs.org/path 46ms (cache revalidated)
55 silly fetch manifest string-similarity@^4.0.4
56 http fetch GET 200 https://registry.npmjs.org/string-similarity 642ms (cache revalidated)
57 silly placeDep ROOT captcha-canvas@3.1.0 REPLACE for: protecter@1.0.0 want: ^3.1.0
58 silly placeDep ROOT colors@1.4.0 REPLACE for: protecter@1.0.0 want: ^1.4.0
59 silly placeDep ROOT discord.js@13.6.0 REPLACE for: protecter@1.0.0 want: ^13.6.0
60 silly placeDep ROOT hastebin-gen@2.0.5 REPLACE for: protecter@1.0.0 want: ^2.0.5
61 silly placeDep ROOT mongoose@6.3.1 REPLACE for: protecter@1.0.0 want: ^6.2.7
62 silly placeDep ROOT ms@2.1.3 REPLACE for: protecter@1.0.0 want: ^2.1.3
63 silly placeDep ROOT node-cron@3.0.0 REPLACE for: protecter@1.0.0 want: ^3.0.0
64 silly placeDep ROOT path@0.12.7 REPLACE for: protecter@1.0.0 want: ^0.12.7
65 silly placeDep ROOT string-similarity@4.0.4 REPLACE for: protecter@1.0.0 want: ^4.0.4
66 silly fetch manifest bson@^4.6.2
67 silly fetch manifest kareem@2.3.5
68 silly fetch manifest mongodb@4.5.0
69 http fetch GET 200 https://registry.npmjs.org/bson 45ms (cache revalidated)
70 http fetch GET 200 https://registry.npmjs.org/kareem 89ms (cache revalidated)
71 http fetch GET 200 https://registry.npmjs.org/mongodb 124ms (cache revalidated)
72 timing idealTree:#root Completed in 3990ms
73 timing idealTree:node_modules/captcha-canvas Completed in 0ms
74 timing idealTree:node_modules/colors Completed in 0ms
75 timing idealTree:node_modules/discord.js Completed in 0ms
76 timing idealTree:node_modules/hastebin-gen Completed in 0ms
77 silly placeDep ROOT bson@4.6.3 OK for: mongoose@6.3.1 want: ^4.6.2
78 silly placeDep ROOT kareem@2.3.5 OK for: mongoose@6.3.1 want: 2.3.5
79 silly placeDep ROOT mongodb@4.5.0 OK for: mongoose@6.3.1 want: 4.5.0
80 silly fetch manifest buffer@^5.6.0
81 silly fetch manifest denque@^2.0.1
82 silly fetch manifest mongodb-connection-string-url@^2.5.2
83 silly fetch manifest socks@^2.6.2
84 silly fetch manifest saslprep@^1.0.3
85 http fetch GET 200 https://registry.npmjs.org/buffer 58ms (cache revalidated)
86 http fetch GET 200 https://registry.npmjs.org/socks 63ms (cache revalidated)
87 http fetch GET 200 https://registry.npmjs.org/denque 156ms (cache revalidated)
88 http fetch GET 200 https://registry.npmjs.org/saslprep 297ms (cache revalidated)
89 http fetch GET 200 https://registry.npmjs.org/mongodb-connection-string-url 640ms (cache revalidated)
90 timing idealTree:node_modules/mongoose Completed in 651ms
91 silly placeDep ROOT buffer@5.7.1 OK for: bson@4.6.3 want: ^5.6.0
92 silly fetch manifest base64-js@^1.3.1
93 silly fetch manifest ieee754@^1.1.13
94 http fetch GET 200 https://registry.npmjs.org/base64-js 48ms (cache revalidated)
95 http fetch GET 200 https://registry.npmjs.org/ieee754 53ms (cache revalidated)
96 timing idealTree:node_modules/bson Completed in 61ms
97 silly placeDep ROOT base64-js@1.5.1 OK for: buffer@5.7.1 want: ^1.3.1
98 silly placeDep ROOT ieee754@1.2.1 OK for: buffer@5.7.1 want: ^1.1.13
99 timing idealTree:node_modules/buffer Completed in 6ms
100 timing idealTree:node_modules/base64-js Completed in 0ms
101 timing idealTree:node_modules/ieee754 Completed in 0ms
102 timing idealTree:node_modules/kareem Completed in 0ms
103 silly placeDep ROOT denque@2.0.1 OK for: mongodb@4.5.0 want: ^2.0.1
104 silly placeDep ROOT mongodb-connection-string-url@2.5.2 OK for: mongodb@4.5.0 want: ^2.5.2
105 silly placeDep ROOT saslprep@1.0.3 OK for: mongodb@4.5.0 want: ^1.0.3
106 silly placeDep ROOT socks@2.6.2 OK for: mongodb@4.5.0 want: ^2.6.2
107 silly fetch manifest @types/whatwg-url@^8.2.1
108 silly fetch manifest whatwg-url@^11.0.0
109 silly fetch manifest sparse-bitfield@^3.0.3
110 silly fetch manifest ip@^1.1.5
111 silly fetch manifest smart-buffer@^4.2.0
112 http fetch GET 200 https://registry.npmjs.org/ip 64ms (cache revalidated)
113 http fetch GET 200 https://registry.npmjs.org/smart-buffer 66ms (cache revalidated)
114 http fetch GET 200 https://registry.npmjs.org/whatwg-url 73ms (cache revalidated)
115 http fetch GET 200 https://registry.npmjs.org/sparse-bitfield 75ms (cache revalidated)
116 http fetch GET 200 https://registry.npmjs.org/@types%2fwhatwg-url 1257ms (cache revalidated)
117 timing idealTree:node_modules/mongodb Completed in 1269ms
118 timing idealTree:node_modules/denque Completed in 0ms
119 silly placeDep ROOT @types/whatwg-url@8.2.1 OK for: mongodb-connection-string-url@2.5.2 want: ^8.2.1
120 silly placeDep ROOT whatwg-url@11.0.0 OK for: mongodb-connection-string-url@2.5.2 want: ^11.0.0
121 silly fetch manifest @types/webidl-conversions@*
122 silly fetch manifest tr46@^3.0.0
123 silly fetch manifest webidl-conversions@^7.0.0
124 http fetch GET 200 https://registry.npmjs.org/webidl-conversions 56ms (cache revalidated)
125 http fetch GET 200 https://registry.npmjs.org/tr46 60ms (cache revalidated)
126 http fetch GET 200 https://registry.npmjs.org/@types%2fwebidl-conversions 65ms (cache revalidated)
127 timing idealTree:node_modules/mongodb-connection-string-url Completed in 71ms
128 silly placeDep ROOT @types/webidl-conversions@6.1.1 OK for: @types/whatwg-url@8.2.1 want: *
129 timing idealTree:node_modules/@types/whatwg-url Completed in 2ms
130 timing idealTree:node_modules/@types/webidl-conversions Completed in 0ms
131 timing idealTree:node_modules/ms Completed in 0ms
132 timing idealTree:node_modules/node-cron Completed in 0ms
133 timing idealTree:node_modules/path Completed in 0ms
134 silly placeDep ROOT sparse-bitfield@3.0.3 OK for: saslprep@1.0.3 want: ^3.0.3
135 silly fetch manifest memory-pager@^1.0.2
136 http fetch GET 200 https://registry.npmjs.org/memory-pager 53ms (cache revalidated)
137 timing idealTree:node_modules/saslprep Completed in 57ms
138 silly placeDep ROOT ip@1.1.5 OK for: socks@2.6.2 want: ^1.1.5
139 silly placeDep ROOT smart-buffer@4.2.0 OK for: socks@2.6.2 want: ^4.2.0
140 timing idealTree:node_modules/socks Completed in 4ms
141 timing idealTree:node_modules/ip Completed in 0ms
142 timing idealTree:node_modules/smart-buffer Completed in 0ms
143 silly placeDep ROOT memory-pager@1.5.0 OK for: sparse-bitfield@3.0.3 want: ^1.0.2
144 timing idealTree:node_modules/sparse-bitfield Completed in 2ms
145 timing idealTree:node_modules/memory-pager Completed in 0ms
146 timing idealTree:node_modules/string-similarity Completed in 0ms
147 silly placeDep ROOT tr46@3.0.0 OK for: whatwg-url@11.0.0 want: ^3.0.0
148 silly placeDep ROOT webidl-conversions@7.0.0 OK for: whatwg-url@11.0.0 want: ^7.0.0
149 silly fetch manifest punycode@^2.1.1
150 http fetch GET 200 https://registry.npmjs.org/punycode 44ms (cache revalidated)
151 timing idealTree:node_modules/whatwg-url Completed in 50ms
152 silly placeDep ROOT punycode@2.1.1 OK for: tr46@3.0.0 want: ^2.1.1
153 timing idealTree:node_modules/tr46 Completed in 2ms
154 timing idealTree:node_modules/punycode Completed in 0ms
155 timing idealTree:node_modules/webidl-conversions Completed in 0ms
156 timing idealTree:buildDeps Completed in 6172ms
157 timing idealTree:fixDepFlags Completed in 6ms
158 timing idealTree Completed in 6684ms
159 timing reify:loadTrees Completed in 6686ms
160 timing reify:diffTrees Completed in 14ms
161 silly reify moves {}
162 timing reify:retireShallow Completed in 2ms
163 timing reify:createSparse Completed in 3ms
164 timing reify:loadBundles Completed in 0ms
165 silly audit bulk request {
165 silly audit   '@discordjs/builders': [ '0.11.0' ],
165 silly audit   '@discordjs/collection': [ '0.4.0' ],
165 silly audit   '@mapbox/node-pre-gyp': [ '1.0.9' ],
165 silly audit   nopt: [ '5.0.0', '1.0.10' ],
165 silly audit   semver: [ '7.3.7', '6.3.0', '5.7.1', '7.3.5' ],
165 silly audit   '@sapphire/async-queue': [ '1.3.0' ],
165 silly audit   '@sindresorhus/is': [ '4.6.0', '0.14.0' ],
165 silly audit   '@szmarczak/http-timer': [ '1.1.2' ],
165 silly audit   '@types/node': [ '17.0.22' ],
165 silly audit   '@types/node-fetch': [ '2.6.1' ],
165 silly audit   'form-data': [ '3.0.1', '4.0.0' ],
165 silly audit   '@types/ws': [ '8.5.3' ],
165 silly audit   abbrev: [ '1.1.1' ],
165 silly audit   'agent-base': [ '6.0.2' ],
165 silly audit   'ansi-align': [ '3.0.1' ],
165 silly audit   'ansi-regex': [ '5.0.1' ],
165 silly audit   'ansi-styles': [ '4.3.0' ],
165 silly audit   anymatch: [ '3.1.2' ],
165 silly audit   aproba: [ '2.0.0' ],
165 silly audit   'are-we-there-yet': [ '2.0.0' ],
165 silly audit   asynckit: [ '0.4.0' ],
165 silly audit   'balanced-match': [ '1.0.2' ],
165 silly audit   'binary-extensions': [ '2.2.0' ],
165 silly audit   boxen: [ '5.1.2' ],
165 silly audit   'brace-expansion': [ '1.1.11' ],
165 silly audit   braces: [ '3.0.2' ],
165 silly audit   'cacheable-request': [ '6.1.0' ],
165 silly audit   'get-stream': [ '5.2.0', '4.1.0' ],
165 silly audit   'lowercase-keys': [ '2.0.0', '1.0.1' ],
165 silly audit   camelcase: [ '6.3.0' ],
165 silly audit   'cargo-cp-artifact': [ '0.1.6' ],
165 silly audit   chalk: [ '4.1.2' ],
165 silly audit   'has-flag': [ '4.0.0', '3.0.0' ],
165 silly audit   'supports-color': [ '7.2.0', '5.5.0' ],
165 silly audit   chokidar: [ '3.5.3' ],
165 silly audit   chownr: [ '2.0.0' ],
165 silly audit   'ci-info': [ '2.0.0' ],
165 silly audit   'cli-boxes': [ '2.2.1' ],
165 silly audit   'clone-response': [ '1.0.2' ],
165 silly audit   'color-convert': [ '2.0.1' ],
165 silly audit   'color-name': [ '1.1.4' ],
165 silly audit   'color-support': [ '1.1.3' ],
165 silly audit   'combined-stream': [ '1.0.8' ],
165 silly audit   'concat-map': [ '0.0.1' ],
165 silly audit   configstore: [ '5.0.1' ],
165 silly audit   'console-control-strings': [ '1.1.0' ],
165 silly audit   'crypto-random-string': [ '2.0.0' ],
165 silly audit   debug: [ '4.3.4', '3.2.7' ],
165 silly audit   ms: [ '2.1.2', '2.1.3' ],
165 silly audit   'decompress-response': [ '3.3.0', '6.0.0' ],
165 silly audit   'deep-extend': [ '0.6.0' ],
165 silly audit   'defer-to-connect': [ '1.1.3' ],
165 silly audit   'delayed-stream': [ '1.0.0' ],
165 silly audit   delegates: [ '1.0.0' ],
165 silly audit   'detect-libc': [ '2.0.1' ],
165 silly audit   'discord-api-types': [ '0.26.1' ],
165 silly audit   'discord-backup': [ '3.0.1' ],
165 silly audit   'dot-prop': [ '5.3.0' ],
165 silly audit   duplexer3: [ '0.1.4' ],
165 silly audit   'emoji-regex': [ '8.0.0' ],
165 silly audit   'end-of-stream': [ '1.4.4' ],
165 silly audit   'escape-goat': [ '2.1.1' ],
165 silly audit   'fill-range': [ '7.0.1' ],
165 silly audit   'fs-minipass': [ '2.1.0' ],
165 silly audit   'fs.realpath': [ '1.0.0' ],
165 silly audit   fsevents: [ '2.3.2' ],
165 silly audit   gauge: [ '3.0.2' ],
165 silly audit   glob: [ '7.2.0' ],
165 silly audit   'glob-parent': [ '5.1.2' ],
165 silly audit   'global-dirs': [ '3.0.0' ],
165 silly audit   got: [ '9.6.0' ],
165 silly audit   'graceful-fs': [ '4.2.9' ],
165 silly audit   'has-unicode': [ '2.0.1' ],
165 silly audit   'has-yarn': [ '2.1.0' ],
165 silly audit   'http-cache-semantics': [ '4.1.0' ],
165 silly audit   'https-proxy-agent': [ '5.0.1' ],
165 silly audit   'ignore-by-default': [ '1.0.1' ],
165 silly audit   'import-lazy': [ '2.1.0' ],
165 silly audit   imurmurhash: [ '0.1.4' ],
165 silly audit   inflight: [ '1.0.6' ],
165 silly audit   inherits: [ '2.0.3' ],
165 silly audit   ini: [ '2.0.0', '1.3.8' ],
165 silly audit   'is-binary-path': [ '2.1.0' ],
165 silly audit   'is-ci': [ '2.0.0' ],
165 silly audit   'is-extglob': [ '2.1.1' ],
165 silly audit   'is-fullwidth-code-point': [ '3.0.0' ],
165 silly audit   'is-glob': [ '4.0.3' ],
165 silly audit   'is-installed-globally': [ '0.4.0' ],
165 silly audit   'is-npm': [ '5.0.0' ],
165 silly audit   'is-number': [ '7.0.0' ],
165 silly audit   'is-obj': [ '2.0.0' ],
165 silly audit   'is-path-inside': [ '3.0.3' ],
165 silly audit   'is-typedarray': [ '1.0.0' ],
165 silly audit   'is-yarn-global': [ '0.3.0' ],
165 silly audit   'json-buffer': [ '3.0.0' ],
165 silly audit   keyv: [ '3.1.0' ],
165 silly audit   'latest-version': [ '5.1.0' ],
165 silly audit   'lru-cache': [ '6.0.0' ],
165 silly audit   'make-dir': [ '3.1.0' ],
165 silly audit   'mime-db': [ '1.52.0' ],
165 silly audit   'mime-types': [ '2.1.35' ],
165 silly audit   'mimic-response': [ '1.0.1', '3.1.0' ],
165 silly audit   minimatch: [ '3.1.2' ],
165 silly audit   minimist: [ '1.2.6' ],
165 silly audit   minipass: [ '3.1.6' ],
165 silly audit   minizlib: [ '2.1.2' ],
165 silly audit   mkdirp: [ '1.0.4' ],
165 silly audit   moment: [ '2.29.2' ],
165 silly audit   'moment-timezone': [ '0.5.34' ],
165 silly audit   mpath: [ '0.8.4' ],
165 silly audit   mquery: [ '4.0.2' ],
165 silly audit   'node-fetch': [ '2.6.7' ],
165 silly audit   tr46: [ '0.0.3', '3.0.0' ],
165 silly audit   'webidl-conversions': [ '3.0.1', '7.0.0' ],
165 silly audit   'whatwg-url': [ '5.0.0', '11.0.0' ],
165 silly audit   nodemon: [ '2.0.15' ],
165 silly audit   'normalize-path': [ '3.0.0' ],
165 silly audit   'normalize-url': [ '4.5.1' ],
165 silly audit   npmlog: [ '5.0.1' ],
165 silly audit   'object-assign': [ '4.1.1' ],
165 silly audit   once: [ '1.4.0' ],
165 silly audit   'p-cancelable': [ '1.1.0' ],
165 silly audit   'package-json': [ '6.5.0' ],
165 silly audit   parenthesis: [ '3.1.8' ],
165 silly audit   'parse-ms': [ '2.1.0' ],
165 silly audit   'path-browserify': [ '1.0.1' ],
165 silly audit   'path-is-absolute': [ '1.0.1' ],
165 silly audit   picomatch: [ '2.3.1' ],
165 silly audit   'prepend-http': [ '2.0.0' ],
165 silly audit   'pretty-ms': [ '7.0.1' ],
165 silly audit   process: [ '0.11.10' ],
165 silly audit   'pstree.remy': [ '1.1.8' ],
165 silly audit   pump: [ '3.0.0' ],
165 silly audit   pupa: [ '2.1.1' ],
165 silly audit   rc: [ '1.2.8' ],
165 silly audit   'readable-stream': [ '3.6.0' ],
165 silly audit   readdirp: [ '3.6.0' ],
165 silly audit   'registry-auth-token': [ '4.2.1' ],
165 silly audit   'registry-url': [ '5.1.0' ],
165 silly audit   responselike: [ '1.0.2' ],
165 silly audit   rimraf: [ '3.0.2' ],
165 silly audit   'safe-buffer': [ '5.2.1' ],
165 silly audit   'semver-diff': [ '3.1.1' ],
165 silly audit   'set-blocking': [ '2.0.0' ],
165 silly audit   sift: [ '16.0.0' ],
165 silly audit   'signal-exit': [ '3.0.7' ],
165 silly audit   'simple-concat': [ '1.0.1' ],
165 silly audit   'simple-get': [ '4.0.1' ],
165 silly audit   'skia-canvas': [ '0.9.29' ],
165 silly audit   string_decoder: [ '1.3.0' ],
165 silly audit   'string-split-by': [ '1.0.0' ],
165 silly audit   'string-width': [ '4.2.3' ],
165 silly audit   'strip-ansi': [ '6.0.1' ],
165 silly audit   'strip-json-comments': [ '2.0.1' ],
165 silly audit   tar: [ '6.1.11' ],
165 silly audit   'to-readable-stream': [ '1.0.0' ],
165 silly audit   'to-regex-range': [ '5.0.1' ],
165 silly audit   touch: [ '3.1.0' ],
165 silly audit   'ts-mixer': [ '6.0.1' ],
165 silly audit   tslib: [ '2.3.1' ],
165 silly audit   'type-fest': [ '0.20.2' ],
165 silly audit   'typedarray-to-buffer': [ '3.1.5' ],
165 silly audit   undefsafe: [ '2.0.5' ],
165 silly audit   'unique-string': [ '2.0.0' ],
165 silly audit   'update-notifier': [ '5.1.0' ],
165 silly audit   'url-parse-lax': [ '3.0.0' ],
165 silly audit   util: [ '0.10.4' ],
165 silly audit   'util-deprecate': [ '1.0.2' ],
165 silly audit   'wide-align': [ '1.1.5' ],
165 silly audit   'widest-line': [ '3.1.0' ],
165 silly audit   'wrap-ansi': [ '7.0.0' ],
165 silly audit   wrappy: [ '1.0.2' ],
165 silly audit   'write-file-atomic': [ '3.0.3' ],
165 silly audit   ws: [ '8.5.0' ],
165 silly audit   'xdg-basedir': [ '4.0.0' ],
165 silly audit   yallist: [ '4.0.0' ],
165 silly audit   zod: [ '3.14.2' ],
165 silly audit   'captcha-canvas': [ '3.1.0' ],
165 silly audit   colors: [ '1.4.0' ],
165 silly audit   'discord.js': [ '13.6.0' ],
165 silly audit   'hastebin-gen': [ '2.0.5' ],
165 silly audit   mongoose: [ '6.3.1' ],
165 silly audit   'node-cron': [ '3.0.0' ],
165 silly audit   path: [ '0.12.7' ],
165 silly audit   'string-similarity': [ '4.0.4' ],
165 silly audit   bson: [ '4.6.3' ],
165 silly audit   kareem: [ '2.3.5' ],
165 silly audit   mongodb: [ '4.5.0' ],
165 silly audit   buffer: [ '5.7.1' ],
165 silly audit   'base64-js': [ '1.5.1' ],
165 silly audit   ieee754: [ '1.2.1' ],
165 silly audit   denque: [ '2.0.1' ],
165 silly audit   'mongodb-connection-string-url': [ '2.5.2' ],
165 silly audit   saslprep: [ '1.0.3' ],
165 silly audit   socks: [ '2.6.2' ],
165 silly audit   '@types/whatwg-url': [ '8.2.1' ],
165 silly audit   '@types/webidl-conversions': [ '6.1.1' ],
165 silly audit   'sparse-bitfield': [ '3.0.3' ],
165 silly audit   ip: [ '1.1.5' ],
165 silly audit   'smart-buffer': [ '4.2.0' ],
165 silly audit   'memory-pager': [ '1.5.0' ],
165 silly audit   punycode: [ '2.1.1' ]
165 silly audit }
166 verbose reify failed optional dependency /home/container/node_modules/fsevents
167 silly reify mark deleted [ '/home/container/node_modules/fsevents' ]
168 timing reifyNode:node_modules/fsevents Completed in 4ms
169 timing reify:unpack Completed in 4ms
170 timing reify:unretire Completed in 0ms
171 timing build:queue Completed in 2ms
172 timing build:deps Completed in 2ms
173 timing build Completed in 2ms
174 timing reify:build Completed in 3ms
175 timing reify:trash Completed in 2ms
176 timing reify:save Completed in 83ms
177 http fetch POST 200 https://registry.npmjs.org/-/npm/v1/security/advisories/bulk 210ms
178 timing auditReport:getReport Completed in 222ms
179 silly audit report {}
180 timing auditReport:init Completed in 0ms
181 timing reify:audit Completed in 224ms
182 timing reify Completed in 6950ms
183 silly ADD
184 timing command:install Completed in 7000ms
185 verbose exit 0
186 timing npm Completed in 7203ms
187 info ok
